{"C:\\homework\\hw-jest-9.1\\script.js": {"path":"C:\\homework\\hw-jest-9.1\\script.js","statementMap":{"0":{"start":{"line":3,"column":14},"end":{"line":3,"column":19}},"1":{"start":{"line":4,"column":2},"end":{"line":4,"column":11}},"2":{"start":{"line":5,"column":2},"end":{"line":5,"column":42}},"3":{"start":{"line":6,"column":2},"end":{"line":6,"column":11}},"4":{"start":{"line":7,"column":2},"end":{"line":7,"column":15}},"5":{"start":{"line":10,"column":0},"end":{"line":10,"column":32}}},"fnMap":{"0":{"name":"calculateBonus","decl":{"start":{"line":1,"column":9},"end":{"line":1,"column":23}},"loc":{"start":{"line":1,"column":30},"end":{"line":8,"column":1}},"line":1}},"branchMap":{"0":{"loc":{"start":{"line":5,"column":2},"end":{"line":5,"column":41}},"type":"cond-expr","locations":[{"start":{"line":5,"column":14},"end":{"line":5,"column":24}},{"start":{"line":5,"column":29},"end":{"line":5,"column":40}}],"line":5}},"s":{"0":3,"1":3,"2":3,"3":3,"4":3,"5":1},"f":{"0":3},"b":{"0":[1,2]},"_coverageSchema":"1a1c01bbd47fc00a2c39e90264f33305004495a9","hash":"c2f4df2f1da86999d494ac61e9ae8fc98e17a540"}
}
